#
# A fatal error has been detected by the Java Runtime Environment:
#
#  EXCEPTION_ACCESS_VIOLATION (0xc0000005) at pc=0x00007ffb536ef74a, pid=32184, tid=15624
#
# JRE version: Java(TM) SE Runtime Environment (14.0.1+7) (build 14.0.1+7)
# Java VM: Java HotSpot(TM) 64-Bit Server VM (14.0.1+7, mixed mode, sharing, tiered, compressed oops, g1 gc, windows-amd64)
# Problematic frame:
# C  [awt.dll+0x8f74a]
#
# No core dump will be written. Minidumps are not enabled by default on client versions of Windows
#
# If you would like to submit a bug report, please visit:
#   https://bugreport.java.com/bugreport/crash.jsp
# The crash happened outside the Java Virtual Machine in native code.
# See problematic frame for where to report the bug.
#

---------------  S U M M A R Y ------------

Command Line: -agentlib:jdwp=transport=dt_socket,server=n,suspend=y,address=localhost:56188 -XX:+ShowCodeDetailsInExceptionMessages -Dfile.encoding=UTF-8 Sample

Host: Intel(R) Core(TM) i7-9700K CPU @ 3.60GHz, 8 cores, 15G,  Windows 10 , 64 bit Build 18362 (10.0.18362.1110)
Time: Mon Dec 28 22:11:48 2020 東京 (標準時) elapsed time: 0 seconds (0d 0h 0m 0s)

---------------  T H R E A D  ---------------

Current thread (0x0000020fdb123000):  JavaThread "main" [_thread_in_native, id=15624, stack(0x00000015f1300000,0x00000015f1400000)]

Stack: [0x00000015f1300000,0x00000015f1400000],  sp=0x00000015f13feb90,  free space=1018k
Native frames: (J=compiled Java code, j=interpreted, Vv=VM code, C=native code)
C  [awt.dll+0x8f74a]

Java frames: (J=compiled Java code, j=interpreted, Vv=VM code)
j  sun.awt.windows.WComponentPeer._setFont(Ljava/awt/Font;)V+0 java.desktop@14.0.1
j  sun.awt.windows.WComponentPeer.setFont(Ljava/awt/Font;)V+7 java.desktop@14.0.1
j  sun.awt.windows.WWindowPeer.initialize()V+42 java.desktop@14.0.1
j  sun.awt.windows.WFramePeer.initialize()V+1 java.desktop@14.0.1
j  sun.awt.windows.WComponentPeer.<init>(Ljava/awt/Component;)V+83 java.desktop@14.0.1
j  sun.awt.windows.WCanvasPeer.<init>(Ljava/awt/Component;)V+2 java.desktop@14.0.1
j  sun.awt.windows.WPanelPeer.<init>(Ljava/awt/Component;)V+2 java.desktop@14.0.1
j  sun.awt.windows.WWindowPeer.<init>(Ljava/awt/Window;)V+2 java.desktop@14.0.1
j  sun.awt.windows.WFramePeer.<init>(Ljava/awt/Frame;)V+2 java.desktop@14.0.1
j  sun.awt.windows.WToolkit.createFrame(Ljava/awt/Frame;)Ljava/awt/peer/FramePeer;+5 java.desktop@14.0.1
j  java.awt.Frame.addNotify()V+20 java.desktop@14.0.1
j  java.awt.Window.show()V+8 java.desktop@14.0.1
j  java.awt.Component.show(Z)V+5 java.desktop@14.0.1
j  java.awt.Component.setVisible(Z)V+2 java.desktop@14.0.1
j  java.awt.Window.setVisible(Z)V+2 java.desktop@14.0.1
j  Sample.main([Ljava/lang/String;)V+25
v  ~StubRoutines::call_stub

siginfo: EXCEPTION_ACCESS_VIOLATION (0xc0000005), reading address 0x0000000000000058


Register to memory mapping:

RIP=0x00007ffb536ef74a awt.dll
RAX=0x00007ffb5376a660 awt.dll
RBX=0x0000020fdb123310 points into unknown readable memory: a0 1a 70 f4 fa 7f 00 00
RCX=0x0000020f86cc9020 points into unknown readable memory: 60 a6 76 53 fb 7f 00 00
RDX=0x0 is NULL
RSP=0x00000015f13feb90 is pointing into the stack for thread: 0x0000020fdb123000
RBP=0x0 is NULL
RSI=0x0000020f86c7c190 is a global jni handle
RDI=0x0000020f86c7c198 is a global jni handle
R8 =0x0000000000000042 is an unknown value
R9 =0x0000000800b4cab8 is a pointer to class: 
java.awt.Font {0x0000000800b4cac0}
R10=0x0000000000008000 is an unknown value
R11=0x00000015f13feb90 is pointing into the stack for thread: 0x0000020fdb123000
R12=0x0 is NULL
R13={method} {0x0000020fff001ab0} '_setFont' '(Ljava/awt/Font;)V' in 'sun/awt/windows/WComponentPeer'
R14=0x0000020f86cc9020 points into unknown readable memory: 60 a6 76 53 fb 7f 00 00
R15=0x0000020f86ce4130 points into unknown readable memory: 90 c1 c7 86 0f 02 00 00


Registers:
RAX=0x00007ffb5376a660, RBX=0x0000020fdb123310, RCX=0x0000020f86cc9020, RDX=0x0000000000000000
RSP=0x00000015f13feb90, RBP=0x0000000000000000, RSI=0x0000020f86c7c190, RDI=0x0000020f86c7c198
R8 =0x0000000000000042, R9 =0x0000000800b4cab8, R10=0x0000000000008000, R11=0x00000015f13feb90
R12=0x0000000000000000, R13=0x0000020fff001aa8, R14=0x0000020f86cc9020, R15=0x0000020f86ce4130
RIP=0x00007ffb536ef74a, EFLAGS=0x0000000000010206

Top of Stack: (sp=0x00000015f13feb90)
0x00000015f13feb90:   0000020f86ce4130 0000020f86cc9020
0x00000015f13feba0:   0000020f86ce4130 0000020f86cc9020
0x00000015f13febb0:   0000020f86c7c198 00007ffb536f4655
0x00000015f13febc0:   0000020fdb123310 0000020fdb123310
0x00000015f13febd0:   0000000000000000 0000020f86c7c190
0x00000015f13febe0:   0000020fdb123000 00000015f13fed38
0x00000015f13febf0:   0000020f86ce4130 00007ffb5372d59b
0x00000015f13fec00:   00007ffb537af018 00000015f13fed10
0x00000015f13fec10:   00007ffb536f4528 0000000000000000
0x00000015f13fec20:   fffffffffffffffe fffffffffffffffe
0x00000015f13fec30:   0000020f86c7c190 00007ffb536f581c
0x00000015f13fec40:   0000020f86c7c198 00000015f13fed30
0x00000015f13fec50:   00000015f13fed30 00007ffb537af018
0x00000015f13fec60:   fffffffffffffffe 00007ffaf4076c39
0x00000015f13fec70:   0000020fe38ccda9 0000020fe38d7741
0x00000015f13fec80:   0000020fff001aa8 0000000000000000 

Instructions: (pc=0x00007ffb536ef74a)
0x00007ffb536ef64a:   00 48 8b d9 e8 d9 dc ff ff 48 8b f8 48 85 c0 75
0x00007ffb536ef65a:   04 48 8b 7b 48 48 8b cf e8 93 15 05 00 48 8b d8
0x00007ffb536ef66a:   48 85 c0 74 60 83 64 24 20 00 0f 57 c0 83 64 24
0x00007ffb536ef67a:   34 00 b9 11 00 00 00 83 64 24 38 00 f3 0f 7f 44
0x00007ffb536ef68a:   24 24 ff 15 86 bc 0b 00 4c 8d 44 24 40 ba 5c 00
0x00007ffb536ef69a:   00 00 48 8b c8 ff 15 2b bf 0b 00 83 f8 5c 75 0d
0x00007ffb536ef6aa:   48 8d 54 24 40 48 8b cb e8 f2 15 05 00 48 8d 54
0x00007ffb536ef6ba:   24 20 48 8b cb e8 09 16 05 00 48 8b d3 48 8b cf
0x00007ffb536ef6ca:   e8 b6 15 05 00 48 8b 8c 24 a0 00 00 00 48 33 cc
0x00007ffb536ef6da:   e8 e1 22 05 00 48 8b 9c 24 c8 00 00 00 48 81 c4
0x00007ffb536ef6ea:   b0 00 00 00 5f c3 40 53 48 83 ec 20 48 8b d9 ff
0x00007ffb536ef6fa:   15 69 c4 0b 00 48 85 c0 75 0a 48 8b 4b 48 ff 15
0x00007ffb536ef70a:   52 c4 0b 00 48 83 c4 20 5b c3 4c 63 c2 48 8b 15
0x00007ffb536ef71a:   2a a8 0b 00 48 ff 25 e3 c2 0b 00 cc cc cc 48 8b
0x00007ffb536ef72a:   d1 48 8b 0d 1e d8 0b 00 48 89 15 17 d8 0b 00 e9
0x00007ffb536ef73a:   f6 63 04 00 cc cc 48 89 5c 24 08 57 48 83 ec 20
0x00007ffb536ef74a:   83 7a 58 00 48 8b da 48 8b f9 7d 08 48 8b ca e8
0x00007ffb536ef75a:   4a 95 01 00 4c 8b 43 48 45 33 c9 48 8b 4f 48 4d
0x00007ffb536ef76a:   8b 00 41 8d 51 30 ff 15 5a c5 0b 00 48 8b 4f 48
0x00007ffb536ef77a:   33 d2 44 8d 42 01 48 8b 5c 24 30 48 83 c4 20 5f
0x00007ffb536ef78a:   48 ff 25 f7 c3 0b 00 cc cc cc 48 8b c4 48 89 58
0x00007ffb536ef79a:   08 48 89 68 10 48 89 70 18 48 89 78 20 41 56 48
0x00007ffb536ef7aa:   83 ec 20 4c 8b f2 48 8b f9 48 8b 0d 3e f6 0b 00
0x00007ffb536ef7ba:   ba 02 00 01 00 41 8b e8 e8 04 21 05 00 48 8b 97
0x00007ffb536ef7ca:   c0 00 00 00 33 db 48 8b f0 48 85 d2 74 0d 4c 8b
0x00007ffb536ef7da:   08 48 8b c8 41 ff 91 b0 00 00 00 4d 85 f6 74 14
0x00007ffb536ef7ea:   48 8b 06 49 8b d6 48 8b ce ff 90 a8 00 00 00 48
0x00007ffb536ef7fa:   8b d8 eb 05 bd 01 00 00 00 48 89 9f c0 00 00 00
0x00007ffb536ef80a:   89 af c8 00 00 00 48 8b 5c 24 30 48 8b 6c 24 38
0x00007ffb536ef81a:   48 8b 74 24 40 48 8b 7c 24 48 48 83 c4 20 41 5e
0x00007ffb536ef82a:   c3 cc 48 89 5c 24 08 48 89 6c 24 10 48 89 74 24
0x00007ffb536ef83a:   18 57 48 83 ec 20 33 db 48 8b f9 48 85 c9 75 09 


Stack slot to memory mapping:
stack at sp + 0 slots: 0x0000020f86ce4130 points into unknown readable memory: 90 c1 c7 86 0f 02 00 00
stack at sp + 1 slots: 0x0000020f86cc9020 points into unknown readable memory: 60 a6 76 53 fb 7f 00 00
stack at sp + 2 slots: 0x0000020f86ce4130 points into unknown readable memory: 90 c1 c7 86 0f 02 00 00
stack at sp + 3 slots: 0x0000020f86cc9020 points into unknown readable memory: 60 a6 76 53 fb 7f 00 00
stack at sp + 4 slots: 0x0000020f86c7c198 is a global jni handle
stack at sp + 5 slots: 0x00007ffb536f4655 awt.dll
stack at sp + 6 slots: 0x0000020fdb123310 points into unknown readable memory: a0 1a 70 f4 fa 7f 00 00
stack at sp + 7 slots: 0x0000020fdb123310 points into unknown readable memory: a0 1a 70 f4 fa 7f 00 00


---------------  P R O C E S S  ---------------

Threads class SMR info:
_java_thread_list=0x0000020f803bf880, length=18, elements={
0x0000020fdb123000, 0x0000020ffeed1000, 0x0000020ffeed2800, 0x0000020fff774800,
0x0000020fff778000, 0x0000020fff77a800, 0x0000020fff77e000, 0x0000020fff785000,
0x0000020fff788800, 0x0000020fff8d3000, 0x0000020fff8d5000, 0x0000020fff8db800,
0x0000020fff8ee000, 0x0000020fff8fb800, 0x0000020f8006b000, 0x0000020f8006f000,
0x0000020f80072800, 0x0000020f86cc9800
}

Java Threads: ( => current thread )
=>0x0000020fdb123000 JavaThread "main" [_thread_in_native, id=15624, stack(0x00000015f1300000,0x00000015f1400000)]
  0x0000020ffeed1000 JavaThread "Reference Handler" daemon [_thread_blocked, id=27416, stack(0x00000015f1a00000,0x00000015f1b00000)]
  0x0000020ffeed2800 JavaThread "Finalizer" daemon [_thread_blocked, id=21652, stack(0x00000015f1b00000,0x00000015f1c00000)]
  0x0000020fff774800 JavaThread "Signal Dispatcher" daemon [_thread_blocked, id=7928, stack(0x00000015f1c00000,0x00000015f1d00000)]
  0x0000020fff778000 JavaThread "Attach Listener" daemon [_thread_blocked, id=25192, stack(0x00000015f1d00000,0x00000015f1e00000)]
  0x0000020fff77a800 JavaThread "Service Thread" daemon [_thread_blocked, id=2324, stack(0x00000015f1e00000,0x00000015f1f00000)]
  0x0000020fff77e000 JavaThread "C2 CompilerThread0" daemon [_thread_blocked, id=32048, stack(0x00000015f1f00000,0x00000015f2000000)]
  0x0000020fff785000 JavaThread "C1 CompilerThread0" daemon [_thread_blocked, id=23608, stack(0x00000015f2000000,0x00000015f2100000)]
  0x0000020fff788800 JavaThread "Sweeper thread" daemon [_thread_blocked, id=18780, stack(0x00000015f2100000,0x00000015f2200000)]
  0x0000020fff8d3000 JavaThread "JDWP Transport Listener: dt_socket" daemon [_thread_in_native, id=28648, stack(0x00000015f2200000,0x00000015f2300000)]
  0x0000020fff8d5000 JavaThread "JDWP Event Helper Thread" daemon [_thread_blocked, id=2340, stack(0x00000015f2300000,0x00000015f2400000)]
  0x0000020fff8db800 JavaThread "JDWP Command Reader" daemon [_thread_in_vm, id=8760, stack(0x00000015f2400000,0x00000015f2500000)]
  0x0000020fff8ee000 JavaThread "Notification Thread" daemon [_thread_blocked, id=31700, stack(0x00000015f2500000,0x00000015f2600000)]
  0x0000020fff8fb800 JavaThread "Common-Cleaner" daemon [_thread_blocked, id=29792, stack(0x00000015f2700000,0x00000015f2800000)]
  0x0000020f8006b000 JavaThread "Java2D Disposer" daemon [_thread_blocked, id=27716, stack(0x00000015f2800000,0x00000015f2900000)]
  0x0000020f8006f000 JavaThread "AWT-Shutdown" [_thread_blocked, id=6276, stack(0x00000015f2900000,0x00000015f2a00000)]
  0x0000020f80072800 JavaThread "AWT-Windows" daemon [_thread_in_native, id=19716, stack(0x00000015f2a00000,0x00000015f2b00000)]
  0x0000020f86cc9800 JavaThread "AWT-EventQueue-0" [_thread_blocked, id=15580, stack(0x00000015f2df0000,0x00000015f2ef0000)]

Other Threads:
  0x0000020ffeece800 VMThread "VM Thread" [stack: 0x00000015f1900000,0x00000015f1a00000] [id=9668]
  0x0000020fff8f3000 WatcherThread [stack: 0x00000015f2600000,0x00000015f2700000] [id=31340]
  0x0000020fdb18d000 GCTaskThread "GC Thread#0" [stack: 0x00000015f1400000,0x00000015f1500000] [id=30560]
  0x0000020fdb1af000 ConcurrentGCThread "G1 Main Marker" [stack: 0x00000015f1500000,0x00000015f1600000] [id=29440]
  0x0000020fdb1b0000 ConcurrentGCThread "G1 Conc#0" [stack: 0x00000015f1600000,0x00000015f1700000] [id=15872]
  0x0000020ffedbc000 ConcurrentGCThread "G1 Refine#0" [stack: 0x00000015f1700000,0x00000015f1800000] [id=24908]
  0x0000020ffedbe800 ConcurrentGCThread "G1 Young RemSet Sampling" [stack: 0x00000015f1800000,0x00000015f1900000] [id=20740]

Threads with active compile tasks:

VM state:not at safepoint (normal execution)

VM Mutex/Monitor currently owned by a thread: None

Heap address: 0x0000000701400000, size: 4076 MB, Compressed Oops mode: Zero based, Oop shift amount: 3
Narrow klass base: 0x0000000800000000, Narrow klass shift: 3
Compressed class space size: 1073741824 Address: 0x0000000800b30000

Heap:
 garbage-first heap   total 262144K, used 4096K [0x0000000701400000, 0x0000000800000000)
  region size 1024K, 5 young (5120K), 0 survivors (0K)
 Metaspace       used 7016K, capacity 7217K, committed 7424K, reserved 1056768K
  class space    used 828K, capacity 950K, committed 1024K, reserved 1048576K
Heap Regions: E=young(eden), S=young(survivor), O=old, HS=humongous(starts), HC=humongous(continues), CS=collection set, F=free, OA=open archive, CA=closed archive, TAMS=top-at-mark-start (previous, next)
|   0|0x0000000701400000, 0x0000000701400000, 0x0000000701500000|  0%| F|  |TAMS 0x0000000701400000, 0x0000000701400000| Untracked 
|   1|0x0000000701500000, 0x0000000701500000, 0x0000000701600000|  0%| F|  |TAMS 0x0000000701500000, 0x0000000701500000| Untracked 
|   2|0x0000000701600000, 0x0000000701600000, 0x0000000701700000|  0%| F|  |TAMS 0x0000000701600000, 0x0000000701600000| Untracked 
|   3|0x0000000701700000, 0x0000000701700000, 0x0000000701800000|  0%| F|  |TAMS 0x0000000701700000, 0x0000000701700000| Untracked 
|   4|0x0000000701800000, 0x0000000701800000, 0x0000000701900000|  0%| F|  |TAMS 0x0000000701800000, 0x0000000701800000| Untracked 
|   5|0x0000000701900000, 0x0000000701900000, 0x0000000701a00000|  0%| F|  |TAMS 0x0000000701900000, 0x0000000701900000| Untracked 
|   6|0x0000000701a00000, 0x0000000701a00000, 0x0000000701b00000|  0%| F|  |TAMS 0x0000000701a00000, 0x0000000701a00000| Untracked 
|   7|0x0000000701b00000, 0x0000000701b00000, 0x0000000701c00000|  0%| F|  |TAMS 0x0000000701b00000, 0x0000000701b00000| Untracked 
|   8|0x0000000701c00000, 0x0000000701c00000, 0x0000000701d00000|  0%| F|  |TAMS 0x0000000701c00000, 0x0000000701c00000| Untracked 
|   9|0x0000000701d00000, 0x0000000701d00000, 0x0000000701e00000|  0%| F|  |TAMS 0x0000000701d00000, 0x0000000701d00000| Untracked 
|  10|0x0000000701e00000, 0x0000000701e00000, 0x0000000701f00000|  0%| F|  |TAMS 0x0000000701e00000, 0x0000000701e00000| Untracked 
|  11|0x0000000701f00000, 0x0000000701f00000, 0x0000000702000000|  0%| F|  |TAMS 0x0000000701f00000, 0x0000000701f00000| Untracked 
|  12|0x0000000702000000, 0x0000000702000000, 0x0000000702100000|  0%| F|  |TAMS 0x0000000702000000, 0x0000000702000000| Untracked 
|  13|0x0000000702100000, 0x0000000702100000, 0x0000000702200000|  0%| F|  |TAMS 0x0000000702100000, 0x0000000702100000| Untracked 
|  14|0x0000000702200000, 0x0000000702200000, 0x0000000702300000|  0%| F|  |TAMS 0x0000000702200000, 0x0000000702200000| Untracked 
|  15|0x0000000702300000, 0x0000000702300000, 0x0000000702400000|  0%| F|  |TAMS 0x0000000702300000, 0x0000000702300000| Untracked 
|  16|0x0000000702400000, 0x0000000702400000, 0x0000000702500000|  0%| F|  |TAMS 0x0000000702400000, 0x0000000702400000| Untracked 
|  17|0x0000000702500000, 0x0000000702500000, 0x0000000702600000|  0%| F|  |TAMS 0x0000000702500000, 0x0000000702500000| Untracked 
|  18|0x0000000702600000, 0x0000000702600000, 0x0000000702700000|  0%| F|  |TAMS 0x0000000702600000, 0x0000000702600000| Untracked 
|  19|0x0000000702700000, 0x0000000702700000, 0x0000000702800000|  0%| F|  |TAMS 0x0000000702700000, 0x0000000702700000| Untracked 
|  20|0x0000000702800000, 0x0000000702800000, 0x0000000702900000|  0%| F|  |TAMS 0x0000000702800000, 0x0000000702800000| Untracked 
|  21|0x0000000702900000, 0x0000000702900000, 0x0000000702a00000|  0%| F|  |TAMS 0x0000000702900000, 0x0000000702900000| Untracked 
|  22|0x0000000702a00000, 0x0000000702a00000, 0x0000000702b00000|  0%| F|  |TAMS 0x0000000702a00000, 0x0000000702a00000| Untracked 
|  23|0x0000000702b00000, 0x0000000702b00000, 0x0000000702c00000|  0%| F|  |TAMS 0x0000000702b00000, 0x0000000702b00000| Untracked 
|  24|0x0000000702c00000, 0x0000000702c00000, 0x0000000702d00000|  0%| F|  |TAMS 0x0000000702c00000, 0x0000000702c00000| Untracked 
|  25|0x0000000702d00000, 0x0000000702d00000, 0x0000000702e00000|  0%| F|  |TAMS 0x0000000702d00000, 0x0000000702d00000| Untracked 
|  26|0x0000000702e00000, 0x0000000702e00000, 0x0000000702f00000|  0%| F|  |TAMS 0x0000000702e00000, 0x0000000702e00000| Untracked 
|  27|0x0000000702f00000, 0x0000000702f00000, 0x0000000703000000|  0%| F|  |TAMS 0x0000000702f00000, 0x0000000702f00000| Untracked 
|  28|0x0000000703000000, 0x0000000703000000, 0x0000000703100000|  0%| F|  |TAMS 0x0000000703000000, 0x0000000703000000| Untracked 
|  29|0x0000000703100000, 0x0000000703100000, 0x0000000703200000|  0%| F|  |TAMS 0x0000000703100000, 0x0000000703100000| Untracked 
|  30|0x0000000703200000, 0x0000000703200000, 0x0000000703300000|  0%| F|  |TAMS 0x0000000703200000, 0x0000000703200000| Untracked 
|  31|0x0000000703300000, 0x0000000703300000, 0x0000000703400000|  0%| F|  |TAMS 0x0000000703300000, 0x0000000703300000| Untracked 
|  32|0x0000000703400000, 0x0000000703400000, 0x0000000703500000|  0%| F|  |TAMS 0x0000000703400000, 0x0000000703400000| Untracked 
|  33|0x0000000703500000, 0x0000000703500000, 0x0000000703600000|  0%| F|  |TAMS 0x0000000703500000, 0x0000000703500000| Untracked 
|  34|0x0000000703600000, 0x0000000703600000, 0x0000000703700000|  0%| F|  |TAMS 0x0000000703600000, 0x0000000703600000| Untracked 
|  35|0x0000000703700000, 0x0000000703700000, 0x0000000703800000|  0%| F|  |TAMS 0x0000000703700000, 0x0000000703700000| Untracked 
|  36|0x0000000703800000, 0x0000000703800000, 0x0000000703900000|  0%| F|  |TAMS 0x0000000703800000, 0x0000000703800000| Untracked 
|  37|0x0000000703900000, 0x0000000703900000, 0x0000000703a00000|  0%| F|  |TAMS 0x0000000703900000, 0x0000000703900000| Untracked 
|  38|0x0000000703a00000, 0x0000000703a00000, 0x0000000703b00000|  0%| F|  |TAMS 0x0000000703a00000, 0x0000000703a00000| Untracked 
|  39|0x0000000703b00000, 0x0000000703b00000, 0x0000000703c00000|  0%| F|  |TAMS 0x0000000703b00000, 0x0000000703b00000| Untracked 
|  40|0x0000000703c00000, 0x0000000703c00000, 0x0000000703d00000|  0%| F|  |TAMS 0x0000000703c00000, 0x0000000703c00000| Untracked 
|  41|0x0000000703d00000, 0x0000000703d00000, 0x0000000703e00000|  0%| F|  |TAMS 0x0000000703d00000, 0x0000000703d00000| Untracked 
|  42|0x0000000703e00000, 0x0000000703e00000, 0x0000000703f00000|  0%| F|  |TAMS 0x0000000703e00000, 0x0000000703e00000| Untracked 
|  43|0x0000000703f00000, 0x0000000703f00000, 0x0000000704000000|  0%| F|  |TAMS 0x0000000703f00000, 0x0000000703f00000| Untracked 
|  44|0x0000000704000000, 0x0000000704000000, 0x0000000704100000|  0%| F|  |TAMS 0x0000000704000000, 0x0000000704000000| Untracked 
|  45|0x0000000704100000, 0x0000000704100000, 0x0000000704200000|  0%| F|  |TAMS 0x0000000704100000, 0x0000000704100000| Untracked 
|  46|0x0000000704200000, 0x0000000704200000, 0x0000000704300000|  0%| F|  |TAMS 0x0000000704200000, 0x0000000704200000| Untracked 
|  47|0x0000000704300000, 0x0000000704300000, 0x0000000704400000|  0%| F|  |TAMS 0x0000000704300000, 0x0000000704300000| Untracked 
|  48|0x0000000704400000, 0x0000000704400000, 0x0000000704500000|  0%| F|  |TAMS 0x0000000704400000, 0x0000000704400000| Untracked 
|  49|0x0000000704500000, 0x0000000704500000, 0x0000000704600000|  0%| F|  |TAMS 0x0000000704500000, 0x0000000704500000| Untracked 
|  50|0x0000000704600000, 0x0000000704600000, 0x0000000704700000|  0%| F|  |TAMS 0x0000000704600000, 0x0000000704600000| Untracked 
|  51|0x0000000704700000, 0x0000000704700000, 0x0000000704800000|  0%| F|  |TAMS 0x0000000704700000, 0x0000000704700000| Untracked 
|  52|0x0000000704800000, 0x0000000704800000, 0x0000000704900000|  0%| F|  |TAMS 0x0000000704800000, 0x0000000704800000| Untracked 
|  53|0x0000000704900000, 0x0000000704900000, 0x0000000704a00000|  0%| F|  |TAMS 0x0000000704900000, 0x0000000704900000| Untracked 
|  54|0x0000000704a00000, 0x0000000704a00000, 0x0000000704b00000|  0%| F|  |TAMS 0x0000000704a00000, 0x0000000704a00000| Untracked 
|  55|0x0000000704b00000, 0x0000000704b00000, 0x0000000704c00000|  0%| F|  |TAMS 0x0000000704b00000, 0x0000000704b00000| Untracked 
|  56|0x0000000704c00000, 0x0000000704c00000, 0x0000000704d00000|  0%| F|  |TAMS 0x0000000704c00000, 0x0000000704c00000| Untracked 
|  57|0x0000000704d00000, 0x0000000704d00000, 0x0000000704e00000|  0%| F|  |TAMS 0x0000000704d00000, 0x0000000704d00000| Untracked 
|  58|0x0000000704e00000, 0x0000000704e00000, 0x0000000704f00000|  0%| F|  |TAMS 0x0000000704e00000, 0x0000000704e00000| Untracked 
|  59|0x0000000704f00000, 0x0000000704f00000, 0x0000000705000000|  0%| F|  |TAMS 0x0000000704f00000, 0x0000000704f00000| Untracked 
|  60|0x0000000705000000, 0x0000000705000000, 0x0000000705100000|  0%| F|  |TAMS 0x0000000705000000, 0x0000000705000000| Untracked 
|  61|0x0000000705100000, 0x0000000705100000, 0x0000000705200000|  0%| F|  |TAMS 0x0000000705100000, 0x0000000705100000| Untracked 
|  62|0x0000000705200000, 0x0000000705200000, 0x0000000705300000|  0%| F|  |TAMS 0x0000000705200000, 0x0000000705200000| Untracked 
|  63|0x0000000705300000, 0x0000000705300000, 0x0000000705400000|  0%| F|  |TAMS 0x0000000705300000, 0x0000000705300000| Untracked 
|  64|0x0000000705400000, 0x0000000705400000, 0x0000000705500000|  0%| F|  |TAMS 0x0000000705400000, 0x0000000705400000| Untracked 
|  65|0x0000000705500000, 0x0000000705500000, 0x0000000705600000|  0%| F|  |TAMS 0x0000000705500000, 0x0000000705500000| Untracked 
|  66|0x0000000705600000, 0x0000000705600000, 0x0000000705700000|  0%| F|  |TAMS 0x0000000705600000, 0x0000000705600000| Untracked 
|  67|0x0000000705700000, 0x0000000705700000, 0x0000000705800000|  0%| F|  |TAMS 0x0000000705700000, 0x0000000705700000| Untracked 
|  68|0x0000000705800000, 0x0000000705800000, 0x0000000705900000|  0%| F|  |TAMS 0x0000000705800000, 0x0000000705800000| Untracked 
|  69|0x0000000705900000, 0x0000000705900000, 0x0000000705a00000|  0%| F|  |TAMS 0x0000000705900000, 0x0000000705900000| Untracked 
|  70|0x0000000705a00000, 0x0000000705a00000, 0x0000000705b00000|  0%| F|  |TAMS 0x0000000705a00000, 0x0000000705a00000| Untracked 
|  71|0x0000000705b00000, 0x0000000705b00000, 0x0000000705c00000|  0%| F|  |TAMS 0x0000000705b00000, 0x0000000705b00000| Untracked 
|  72|0x0000000705c00000, 0x0000000705c00000, 0x0000000705d00000|  0%| F|  |TAMS 0x0000000705c00000, 0x0000000705c00000| Untracked 
|  73|0x0000000705d00000, 0x0000000705d00000, 0x0000000705e00000|  0%| F|  |TAMS 0x0000000705d00000, 0x0000000705d00000| Untracked 
|  74|0x0000000705e00000, 0x0000000705e00000, 0x0000000705f00000|  0%| F|  |TAMS 0x0000000705e00000, 0x0000000705e00000| Untracked 
|  75|0x0000000705f00000, 0x0000000705f00000, 0x0000000706000000|  0%| F|  |TAMS 0x0000000705f00000, 0x0000000705f00000| Untracked 
|  76|0x0000000706000000, 0x0000000706000000, 0x0000000706100000|  0%| F|  |TAMS 0x0000000706000000, 0x0000000706000000| Untracked 
|  77|0x0000000706100000, 0x0000000706100000, 0x0000000706200000|  0%| F|  |TAMS 0x0000000706100000, 0x0000000706100000| Untracked 
|  78|0x0000000706200000, 0x0000000706200000, 0x0000000706300000|  0%| F|  |TAMS 0x0000000706200000, 0x0000000706200000| Untracked 
|  79|0x0000000706300000, 0x0000000706300000, 0x0000000706400000|  0%| F|  |TAMS 0x0000000706300000, 0x0000000706300000| Untracked 
|  80|0x0000000706400000, 0x0000000706400000, 0x0000000706500000|  0%| F|  |TAMS 0x0000000706400000, 0x0000000706400000| Untracked 
|  81|0x0000000706500000, 0x0000000706500000, 0x0000000706600000|  0%| F|  |TAMS 0x0000000706500000, 0x0000000706500000| Untracked 
|  82|0x0000000706600000, 0x0000000706600000, 0x0000000706700000|  0%| F|  |TAMS 0x0000000706600000, 0x0000000706600000| Untracked 
|  83|0x0000000706700000, 0x0000000706700000, 0x0000000706800000|  0%| F|  |TAMS 0x0000000706700000, 0x0000000706700000| Untracked 
|  84|0x0000000706800000, 0x0000000706800000, 0x0000000706900000|  0%| F|  |TAMS 0x0000000706800000, 0x0000000706800000| Untracked 
|  85|0x0000000706900000, 0x0000000706900000, 0x0000000706a00000|  0%| F|  |TAMS 0x0000000706900000, 0x0000000706900000| Untracked 
|  86|0x0000000706a00000, 0x0000000706a00000, 0x0000000706b00000|  0%| F|  |TAMS 0x0000000706a00000, 0x0000000706a00000| Untracked 
|  87|0x0000000706b00000, 0x0000000706b00000, 0x0000000706c00000|  0%| F|  |TAMS 0x0000000706b00000, 0x0000000706b00000| Untracked 
|  88|0x0000000706c00000, 0x0000000706c00000, 0x0000000706d00000|  0%| F|  |TAMS 0x0000000706c00000, 0x0000000706c00000| Untracked 
|  89|0x0000000706d00000, 0x0000000706d00000, 0x0000000706e00000|  0%| F|  |TAMS 0x0000000706d00000, 0x0000000706d00000| Untracked 
|  90|0x0000000706e00000, 0x0000000706e00000, 0x0000000706f00000|  0%| F|  |TAMS 0x0000000706e00000, 0x0000000706e00000| Untracked 
|  91|0x0000000706f00000, 0x0000000706f00000, 0x0000000707000000|  0%| F|  |TAMS 0x0000000706f00000, 0x0000000706f00000| Untracked 
|  92|0x0000000707000000, 0x0000000707000000, 0x0000000707100000|  0%| F|  |TAMS 0x0000000707000000, 0x0000000707000000| Untracked 
|  93|0x0000000707100000, 0x0000000707100000, 0x0000000707200000|  0%| F|  |TAMS 0x0000000707100000, 0x0000000707100000| Untracked 
|  94|0x0000000707200000, 0x0000000707200000, 0x0000000707300000|  0%| F|  |TAMS 0x0000000707200000, 0x0000000707200000| Untracked 
|  95|0x0000000707300000, 0x0000000707300000, 0x0000000707400000|  0%| F|  |TAMS 0x0000000707300000, 0x0000000707300000| Untracked 
|  96|0x0000000707400000, 0x0000000707400000, 0x0000000707500000|  0%| F|  |TAMS 0x0000000707400000, 0x0000000707400000| Untracked 
|  97|0x0000000707500000, 0x0000000707500000, 0x0000000707600000|  0%| F|  |TAMS 0x0000000707500000, 0x0000000707500000| Untracked 
|  98|0x0000000707600000, 0x0000000707600000, 0x0000000707700000|  0%| F|  |TAMS 0x0000000707600000, 0x0000000707600000| Untracked 
|  99|0x0000000707700000, 0x0000000707700000, 0x0000000707800000|  0%| F|  |TAMS 0x0000000707700000, 0x0000000707700000| Untracked 
| 100|0x0000000707800000, 0x0000000707800000, 0x0000000707900000|  0%| F|  |TAMS 0x0000000707800000, 0x0000000707800000| Untracked 
| 101|0x0000000707900000, 0x0000000707900000, 0x0000000707a00000|  0%| F|  |TAMS 0x0000000707900000, 0x0000000707900000| Untracked 
| 102|0x0000000707a00000, 0x0000000707a00000, 0x0000000707b00000|  0%| F|  |TAMS 0x0000000707a00000, 0x0000000707a00000| Untracked 
| 103|0x0000000707b00000, 0x0000000707b00000, 0x0000000707c00000|  0%| F|  |TAMS 0x0000000707b00000, 0x0000000707b00000| Untracked 
| 104|0x0000000707c00000, 0x0000000707c00000, 0x0000000707d00000|  0%| F|  |TAMS 0x0000000707c00000, 0x0000000707c00000| Untracked 
| 105|0x0000000707d00000, 0x0000000707d00000, 0x0000000707e00000|  0%| F|  |TAMS 0x0000000707d00000, 0x0000000707d00000| Untracked 
| 106|0x0000000707e00000, 0x0000000707e00000, 0x0000000707f00000|  0%| F|  |TAMS 0x0000000707e00000, 0x0000000707e00000| Untracked 
| 107|0x0000000707f00000, 0x0000000707f00000, 0x0000000708000000|  0%| F|  |TAMS 0x0000000707f00000, 0x0000000707f00000| Untracked 
| 108|0x0000000708000000, 0x0000000708000000, 0x0000000708100000|  0%| F|  |TAMS 0x0000000708000000, 0x0000000708000000| Untracked 
| 109|0x0000000708100000, 0x0000000708100000, 0x0000000708200000|  0%| F|  |TAMS 0x0000000708100000, 0x0000000708100000| Untracked 
| 110|0x0000000708200000, 0x0000000708200000, 0x0000000708300000|  0%| F|  |TAMS 0x0000000708200000, 0x0000000708200000| Untracked 
| 111|0x0000000708300000, 0x0000000708300000, 0x0000000708400000|  0%| F|  |TAMS 0x0000000708300000, 0x0000000708300000| Untracked 
| 112|0x0000000708400000, 0x0000000708400000, 0x0000000708500000|  0%| F|  |TAMS 0x0000000708400000, 0x0000000708400000| Untracked 
| 113|0x0000000708500000, 0x0000000708500000, 0x0000000708600000|  0%| F|  |TAMS 0x0000000708500000, 0x0000000708500000| Untracked 
| 114|0x0000000708600000, 0x0000000708600000, 0x0000000708700000|  0%| F|  |TAMS 0x0000000708600000, 0x0000000708600000| Untracked 
| 115|0x0000000708700000, 0x0000000708700000, 0x0000000708800000|  0%| F|  |TAMS 0x0000000708700000, 0x0000000708700000| Untracked 
| 116|0x0000000708800000, 0x0000000708800000, 0x0000000708900000|  0%| F|  |TAMS 0x0000000708800000, 0x0000000708800000| Untracked 
| 117|0x0000000708900000, 0x0000000708900000, 0x0000000708a00000|  0%| F|  |TAMS 0x0000000708900000, 0x0000000708900000| Untracked 
| 118|0x0000000708a00000, 0x0000000708a00000, 0x0000000708b00000|  0%| F|  |TAMS 0x0000000708a00000, 0x0000000708a00000| Untracked 
| 119|0x0000000708b00000, 0x0000000708b00000, 0x0000000708c00000|  0%| F|  |TAMS 0x0000000708b00000, 0x0000000708b00000| Untracked 
| 120|0x0000000708c00000, 0x0000000708c00000, 0x0000000708d00000|  0%| F|  |TAMS 0x0000000708c00000, 0x0000000708c00000| Untracked 
| 121|0x0000000708d00000, 0x0000000708d00000, 0x0000000708e00000|  0%| F|  |TAMS 0x0000000708d00000, 0x0000000708d00000| Untracked 
| 122|0x0000000708e00000, 0x0000000708e00000, 0x0000000708f00000|  0%| F|  |TAMS 0x0000000708e00000, 0x0000000708e00000| Untracked 
| 123|0x0000000708f00000, 0x0000000708f00000, 0x0000000709000000|  0%| F|  |TAMS 0x0000000708f00000, 0x0000000708f00000| Untracked 
| 124|0x0000000709000000, 0x0000000709000000, 0x0000000709100000|  0%| F|  |TAMS 0x0000000709000000, 0x0000000709000000| Untracked 
| 125|0x0000000709100000, 0x0000000709100000, 0x0000000709200000|  0%| F|  |TAMS 0x0000000709100000, 0x0000000709100000| Untracked 
| 126|0x0000000709200000, 0x0000000709200000, 0x0000000709300000|  0%| F|  |TAMS 0x0000000709200000, 0x0000000709200000| Untracked 
| 127|0x0000000709300000, 0x0000000709300000, 0x0000000709400000|  0%| F|  |TAMS 0x0000000709300000, 0x0000000709300000| Untracked 
| 128|0x0000000709400000, 0x0000000709400000, 0x0000000709500000|  0%| F|  |TAMS 0x0000000709400000, 0x0000000709400000| Untracked 
| 129|0x0000000709500000, 0x0000000709500000, 0x0000000709600000|  0%| F|  |TAMS 0x0000000709500000, 0x0000000709500000| Untracked 
| 130|0x0000000709600000, 0x0000000709600000, 0x0000000709700000|  0%| F|  |TAMS 0x0000000709600000, 0x0000000709600000| Untracked 
| 131|0x0000000709700000, 0x0000000709700000, 0x0000000709800000|  0%| F|  |TAMS 0x0000000709700000, 0x0000000709700000| Untracked 
| 132|0x0000000709800000, 0x0000000709800000, 0x0000000709900000|  0%| F|  |TAMS 0x0000000709800000, 0x0000000709800000| Untracked 
| 133|0x0000000709900000, 0x0000000709900000, 0x0000000709a00000|  0%| F|  |TAMS 0x0000000709900000, 0x0000000709900000| Untracked 
| 134|0x0000000709a00000, 0x0000000709a00000, 0x0000000709b00000|  0%| F|  |TAMS 0x0000000709a00000, 0x0000000709a00000| Untracked 
| 135|0x0000000709b00000, 0x0000000709b00000, 0x0000000709c00000|  0%| F|  |TAMS 0x0000000709b00000, 0x0000000709b00000| Untracked 
| 136|0x0000000709c00000, 0x0000000709c00000, 0x0000000709d00000|  0%| F|  |TAMS 0x0000000709c00000, 0x0000000709c00000| Untracked 
| 137|0x0000000709d00000, 0x0000000709d00000, 0x0000000709e00000|  0%| F|  |TAMS 0x0000000709d00000, 0x0000000709d00000| Untracked 
| 138|0x0000000709e00000, 0x0000000709e00000, 0x0000000709f00000|  0%| F|  |TAMS 0x0000000709e00000, 0x0000000709e00000| Untracked 
| 139|0x0000000709f00000, 0x0000000709f00000, 0x000000070a000000|  0%| F|  |TAMS 0x0000000709f00000, 0x0000000709f00000| Untracked 
| 140|0x000000070a000000, 0x000000070a000000, 0x000000070a100000|  0%| F|  |TAMS 0x000000070a000000, 0x000000070a000000| Untracked 
| 141|0x000000070a100000, 0x000000070a100000, 0x000000070a200000|  0%| F|  |TAMS 0x000000070a100000, 0x000000070a100000| Untracked 
| 142|0x000000070a200000, 0x000000070a200000, 0x000000070a300000|  0%| F|  |TAMS 0x000000070a200000, 0x000000070a200000| Untracked 
| 143|0x000000070a300000, 0x000000070a300000, 0x000000070a400000|  0%| F|  |TAMS 0x000000070a300000, 0x000000070a300000| Untracked 
| 144|0x000000070a400000, 0x000000070a400000, 0x000000070a500000|  0%| F|  |TAMS 0x000000070a400000, 0x000000070a400000| Untracked 
| 145|0x000000070a500000, 0x000000070a500000, 0x000000070a600000|  0%| F|  |TAMS 0x000000070a500000, 0x000000070a500000| Untracked 
| 146|0x000000070a600000, 0x000000070a600000, 0x000000070a700000|  0%| F|  |TAMS 0x000000070a600000, 0x000000070a600000| Untracked 
| 147|0x000000070a700000, 0x000000070a700000, 0x000000070a800000|  0%| F|  |TAMS 0x000000070a700000, 0x000000070a700000| Untracked 
| 148|0x000000070a800000, 0x000000070a800000, 0x000000070a900000|  0%| F|  |TAMS 0x000000070a800000, 0x000000070a800000| Untracked 
| 149|0x000000070a900000, 0x000000070a900000, 0x000000070aa00000|  0%| F|  |TAMS 0x000000070a900000, 0x000000070a900000| Untracked 
| 150|0x000000070aa00000, 0x000000070aa00000, 0x000000070ab00000|  0%| F|  |TAMS 0x000000070aa00000, 0x000000070aa00000| Untracked 
| 151|0x000000070ab00000, 0x000000070ab00000, 0x000000070ac00000|  0%| F|  |TAMS 0x000000070ab00000, 0x000000070ab00000| Untracked 
| 152|0x000000070ac00000, 0x000000070ac00000, 0x000000070ad00000|  0%| F|  |TAMS 0x000000070ac00000, 0x000000070ac00000| Untracked 
| 153|0x000000070ad00000, 0x000000070ad00000, 0x000000070ae00000|  0%| F|  |TAMS 0x000000070ad00000, 0x000000070ad00000| Untracked 
| 154|0x000000070ae00000, 0x000000070ae00000, 0x000000070af00000|  0%| F|  |TAMS 0x000000070ae00000, 0x000000070ae00000| Untracked 
| 155|0x000000070af00000, 0x000000070af00000, 0x000000070b000000|  0%| F|  |TAMS 0x000000070af00000, 0x000000070af00000| Untracked 
| 156|0x000000070b000000, 0x000000070b000000, 0x000000070b100000|  0%| F|  |TAMS 0x000000070b000000, 0x000000070b000000| Untracked 
| 157|0x000000070b100000, 0x000000070b100000, 0x000000070b200000|  0%| F|  |TAMS 0x000000070b100000, 0x000000070b100000| Untracked 
| 158|0x000000070b200000, 0x000000070b200000, 0x000000070b300000|  0%| F|  |TAMS 0x000000070b200000, 0x000000070b200000| Untracked 
| 159|0x000000070b300000, 0x000000070b300000, 0x000000070b400000|  0%| F|  |TAMS 0x000000070b300000, 0x000000070b300000| Untracked 
| 160|0x000000070b400000, 0x000000070b400000, 0x000000070b500000|  0%| F|  |TAMS 0x000000070b400000, 0x000000070b400000| Untracked 
| 161|0x000000070b500000, 0x000000070b500000, 0x000000070b600000|  0%| F|  |TAMS 0x000000070b500000, 0x000000070b500000| Untracked 
| 162|0x000000070b600000, 0x000000070b600000, 0x000000070b700000|  0%| F|  |TAMS 0x000000070b600000, 0x000000070b600000| Untracked 
| 163|0x000000070b700000, 0x000000070b700000, 0x000000070b800000|  0%| F|  |TAMS 0x000000070b700000, 0x000000070b700000| Untracked 
| 164|0x000000070b800000, 0x000000070b800000, 0x000000070b900000|  0%| F|  |TAMS 0x000000070b800000, 0x000000070b800000| Untracked 
| 165|0x000000070b900000, 0x000000070b900000, 0x000000070ba00000|  0%| F|  |TAMS 0x000000070b900000, 0x000000070b900000| Untracked 
| 166|0x000000070ba00000, 0x000000070ba00000, 0x000000070bb00000|  0%| F|  |TAMS 0x000000070ba00000, 0x000000070ba00000| Untracked 
| 167|0x000000070bb00000, 0x000000070bb00000, 0x000000070bc00000|  0%| F|  |TAMS 0x000000070bb00000, 0x000000070bb00000| Untracked 
| 168|0x000000070bc00000, 0x000000070bc00000, 0x000000070bd00000|  0%| F|  |TAMS 0x000000070bc00000, 0x000000070bc00000| Untracked 
| 169|0x000000070bd00000, 0x000000070bd00000, 0x000000070be00000|  0%| F|  |TAMS 0x000000070bd00000, 0x000000070bd00000| Untracked 
| 170|0x000000070be00000, 0x000000070be00000, 0x000000070bf00000|  0%| F|  |TAMS 0x000000070be00000, 0x000000070be00000| Untracked 
| 171|0x000000070bf00000, 0x000000070bf00000, 0x000000070c000000|  0%| F|  |TAMS 0x000000070bf00000, 0x000000070bf00000| Untracked 
| 172|0x000000070c000000, 0x000000070c000000, 0x000000070c100000|  0%| F|  |TAMS 0x000000070c000000, 0x000000070c000000| Untracked 
| 173|0x000000070c100000, 0x000000070c100000, 0x000000070c200000|  0%| F|  |TAMS 0x000000070c100000, 0x000000070c100000| Untracked 
| 174|0x000000070c200000, 0x000000070c200000, 0x000000070c300000|  0%| F|  |TAMS 0x000000070c200000, 0x000000070c200000| Untracked 
| 175|0x000000070c300000, 0x000000070c300000, 0x000000070c400000|  0%| F|  |TAMS 0x000000070c300000, 0x000000070c300000| Untracked 
| 176|0x000000070c400000, 0x000000070c400000, 0x000000070c500000|  0%| F|  |TAMS 0x000000070c400000, 0x000000070c400000| Untracked 
| 177|0x000000070c500000, 0x000000070c500000, 0x000000070c600000|  0%| F|  |TAMS 0x000000070c500000, 0x000000070c500000| Untracked 
| 178|0x000000070c600000, 0x000000070c600000, 0x000000070c700000|  0%| F|  |TAMS 0x000000070c600000, 0x000000070c600000| Untracked 
| 179|0x000000070c700000, 0x000000070c700000, 0x000000070c800000|  0%| F|  |TAMS 0x000000070c700000, 0x000000070c700000| Untracked 
| 180|0x000000070c800000, 0x000000070c800000, 0x000000070c900000|  0%| F|  |TAMS 0x000000070c800000, 0x000000070c800000| Untracked 
| 181|0x000000070c900000, 0x000000070c900000, 0x000000070ca00000|  0%| F|  |TAMS 0x000000070c900000, 0x000000070c900000| Untracked 
| 182|0x000000070ca00000, 0x000000070ca00000, 0x000000070cb00000|  0%| F|  |TAMS 0x000000070ca00000, 0x000000070ca00000| Untracked 
| 183|0x000000070cb00000, 0x000000070cb00000, 0x000000070cc00000|  0%| F|  |TAMS 0x000000070cb00000, 0x000000070cb00000| Untracked 
| 184|0x000000070cc00000, 0x000000070cc00000, 0x000000070cd00000|  0%| F|  |TAMS 0x000000070cc00000, 0x000000070cc00000| Untracked 
| 185|0x000000070cd00000, 0x000000070cd00000, 0x000000070ce00000|  0%| F|  |TAMS 0x000000070cd00000, 0x000000070cd00000| Untracked 
| 186|0x000000070ce00000, 0x000000070ce00000, 0x000000070cf00000|  0%| F|  |TAMS 0x000000070ce00000, 0x000000070ce00000| Untracked 
| 187|0x000000070cf00000, 0x000000070cf00000, 0x000000070d000000|  0%| F|  |TAMS 0x000000070cf00000, 0x000000070cf00000| Untracked 
| 188|0x000000070d000000, 0x000000070d000000, 0x000000070d100000|  0%| F|  |TAMS 0x000000070d000000, 0x000000070d000000| Untracked 
| 189|0x000000070d100000, 0x000000070d100000, 0x000000070d200000|  0%| F|  |TAMS 0x000000070d100000, 0x000000070d100000| Untracked 
| 190|0x000000070d200000, 0x000000070d200000, 0x000000070d300000|  0%| F|  |TAMS 0x000000070d200000, 0x000000070d200000| Untracked 
| 191|0x000000070d300000, 0x000000070d300000, 0x000000070d400000|  0%| F|  |TAMS 0x000000070d300000, 0x000000070d300000| Untracked 
| 192|0x000000070d400000, 0x000000070d400000, 0x000000070d500000|  0%| F|  |TAMS 0x000000070d400000, 0x000000070d400000| Untracked 
| 193|0x000000070d500000, 0x000000070d500000, 0x000000070d600000|  0%| F|  |TAMS 0x000000070d500000, 0x000000070d500000| Untracked 
| 194|0x000000070d600000, 0x000000070d600000, 0x000000070d700000|  0%| F|  |TAMS 0x000000070d600000, 0x000000070d600000| Untracked 
| 195|0x000000070d700000, 0x000000070d700000, 0x000000070d800000|  0%| F|  |TAMS 0x000000070d700000, 0x000000070d700000| Untracked 
| 196|0x000000070d800000, 0x000000070d800000, 0x000000070d900000|  0%| F|  |TAMS 0x000000070d800000, 0x000000070d800000| Untracked 
| 197|0x000000070d900000, 0x000000070d900000, 0x000000070da00000|  0%| F|  |TAMS 0x000000070d900000, 0x000000070d900000| Untracked 
| 198|0x000000070da00000, 0x000000070da00000, 0x000000070db00000|  0%| F|  |TAMS 0x000000070da00000, 0x000000070da00000| Untracked 
| 199|0x000000070db00000, 0x000000070db00000, 0x000000070dc00000|  0%| F|  |TAMS 0x000000070db00000, 0x000000070db00000| Untracked 
| 200|0x000000070dc00000, 0x000000070dc00000, 0x000000070dd00000|  0%| F|  |TAMS 0x000000070dc00000, 0x000000070dc00000| Untracked 
| 201|0x000000070dd00000, 0x000000070dd00000, 0x000000070de00000|  0%| F|  |TAMS 0x000000070dd00000, 0x000000070dd00000| Untracked 
| 202|0x000000070de00000, 0x000000070de00000, 0x000000070df00000|  0%| F|  |TAMS 0x000000070de00000, 0x000000070de00000| Untracked 
| 203|0x000000070df00000, 0x000000070df00000, 0x000000070e000000|  0%| F|  |TAMS 0x000000070df00000, 0x000000070df00000| Untracked 
| 204|0x000000070e000000, 0x000000070e000000, 0x000000070e100000|  0%| F|  |TAMS 0x000000070e000000, 0x000000070e000000| Untracked 
| 205|0x000000070e100000, 0x000000070e100000, 0x000000070e200000|  0%| F|  |TAMS 0x000000070e100000, 0x000000070e100000| Untracked 
| 206|0x000000070e200000, 0x000000070e200000, 0x000000070e300000|  0%| F|  |TAMS 0x000000070e200000, 0x000000070e200000| Untracked 
| 207|0x000000070e300000, 0x000000070e300000, 0x000000070e400000|  0%| F|  |TAMS 0x000000070e300000, 0x000000070e300000| Untracked 
| 208|0x000000070e400000, 0x000000070e400000, 0x000000070e500000|  0%| F|  |TAMS 0x000000070e400000, 0x000000070e400000| Untracked 
| 209|0x000000070e500000, 0x000000070e500000, 0x000000070e600000|  0%| F|  |TAMS 0x000000070e500000, 0x000000070e500000| Untracked 
| 210|0x000000070e600000, 0x000000070e600000, 0x000000070e700000|  0%| F|  |TAMS 0x000000070e600000, 0x000000070e600000| Untracked 
| 211|0x000000070e700000, 0x000000070e700000, 0x000000070e800000|  0%| F|  |TAMS 0x000000070e700000, 0x000000070e700000| Untracked 
| 212|0x000000070e800000, 0x000000070e800000, 0x000000070e900000|  0%| F|  |TAMS 0x000000070e800000, 0x000000070e800000| Untracked 
| 213|0x000000070e900000, 0x000000070e900000, 0x000000070ea00000|  0%| F|  |TAMS 0x000000070e900000, 0x000000070e900000| Untracked 
| 214|0x000000070ea00000, 0x000000070ea00000, 0x000000070eb00000|  0%| F|  |TAMS 0x000000070ea00000, 0x000000070ea00000| Untracked 
| 215|0x000000070eb00000, 0x000000070eb00000, 0x000000070ec00000|  0%| F|  |TAMS 0x000000070eb00000, 0x000000070eb00000| Untracked 
| 216|0x000000070ec00000, 0x000000070ec00000, 0x000000070ed00000|  0%| F|  |TAMS 0x000000070ec00000, 0x000000070ec00000| Untracked 
| 217|0x000000070ed00000, 0x000000070ed00000, 0x000000070ee00000|  0%| F|  |TAMS 0x000000070ed00000, 0x000000070ed00000| Untracked 
| 218|0x000000070ee00000, 0x000000070ee00000, 0x000000070ef00000|  0%| F|  |TAMS 0x000000070ee00000, 0x000000070ee00000| Untracked 
| 219|0x000000070ef00000, 0x000000070ef00000, 0x000000070f000000|  0%| F|  |TAMS 0x000000070ef00000, 0x000000070ef00000| Untracked 
| 220|0x000000070f000000, 0x000000070f000000, 0x000000070f100000|  0%| F|  |TAMS 0x000000070f000000, 0x000000070f000000| Untracked 
| 221|0x000000070f100000, 0x000000070f100000, 0x000000070f200000|  0%| F|  |TAMS 0x000000070f100000, 0x000000070f100000| Untracked 
| 222|0x000000070f200000, 0x000000070f200000, 0x000000070f300000|  0%| F|  |TAMS 0x000000070f200000, 0x000000070f200000| Untracked 
| 223|0x000000070f300000, 0x000000070f300000, 0x000000070f400000|  0%| F|  |TAMS 0x000000070f300000, 0x000000070f300000| Untracked 
| 224|0x000000070f400000, 0x000000070f400000, 0x000000070f500000|  0%| F|  |TAMS 0x000000070f400000, 0x000000070f400000| Untracked 
| 225|0x000000070f500000, 0x000000070f500000, 0x000000070f600000|  0%| F|  |TAMS 0x000000070f500000, 0x000000070f500000| Untracked 
| 226|0x000000070f600000, 0x000000070f600000, 0x000000070f700000|  0%| F|  |TAMS 0x000000070f600000, 0x000000070f600000| Untracked 
| 227|0x000000070f700000, 0x000000070f700000, 0x000000070f800000|  0%| F|  |TAMS 0x000000070f700000, 0x000000070f700000| Untracked 
| 228|0x000000070f800000, 0x000000070f800000, 0x000000070f900000|  0%| F|  |TAMS 0x000000070f800000, 0x000000070f800000| Untracked 
| 229|0x000000070f900000, 0x000000070f900000, 0x000000070fa00000|  0%| F|  |TAMS 0x000000070f900000, 0x000000070f900000| Untracked 
| 230|0x000000070fa00000, 0x000000070fa00000, 0x000000070fb00000|  0%| F|  |TAMS 0x000000070fa00000, 0x000000070fa00000| Untracked 
| 231|0x000000070fb00000, 0x000000070fb00000, 0x000000070fc00000|  0%| F|  |TAMS 0x000000070fb00000, 0x000000070fb00000| Untracked 
| 232|0x000000070fc00000, 0x000000070fc00000, 0x000000070fd00000|  0%| F|  |TAMS 0x000000070fc00000, 0x000000070fc00000| Untracked 
| 233|0x000000070fd00000, 0x000000070fd00000, 0x000000070fe00000|  0%| F|  |TAMS 0x000000070fd00000, 0x000000070fd00000| Untracked 
| 234|0x000000070fe00000, 0x000000070fe00000, 0x000000070ff00000|  0%| F|  |TAMS 0x000000070fe00000, 0x000000070fe00000| Untracked 
| 235|0x000000070ff00000, 0x000000070ff00000, 0x0000000710000000|  0%| F|  |TAMS 0x000000070ff00000, 0x000000070ff00000| Untracked 
| 236|0x0000000710000000, 0x0000000710000000, 0x0000000710100000|  0%| F|  |TAMS 0x0000000710000000, 0x0000000710000000| Untracked 
| 237|0x0000000710100000, 0x0000000710100000, 0x0000000710200000|  0%| F|  |TAMS 0x0000000710100000, 0x0000000710100000| Untracked 
| 238|0x0000000710200000, 0x0000000710200000, 0x0000000710300000|  0%| F|  |TAMS 0x0000000710200000, 0x0000000710200000| Untracked 
| 239|0x0000000710300000, 0x0000000710300000, 0x0000000710400000|  0%| F|  |TAMS 0x0000000710300000, 0x0000000710300000| Untracked 
| 240|0x0000000710400000, 0x0000000710400000, 0x0000000710500000|  0%| F|  |TAMS 0x0000000710400000, 0x0000000710400000| Untracked 
| 241|0x0000000710500000, 0x0000000710500000, 0x0000000710600000|  0%| F|  |TAMS 0x0000000710500000, 0x0000000710500000| Untracked 
| 242|0x0000000710600000, 0x0000000710600000, 0x0000000710700000|  0%| F|  |TAMS 0x0000000710600000, 0x0000000710600000| Untracked 
| 243|0x0000000710700000, 0x0000000710700000, 0x0000000710800000|  0%| F|  |TAMS 0x0000000710700000, 0x0000000710700000| Untracked 
| 244|0x0000000710800000, 0x0000000710800000, 0x0000000710900000|  0%| F|  |TAMS 0x0000000710800000, 0x0000000710800000| Untracked 
| 245|0x0000000710900000, 0x0000000710900000, 0x0000000710a00000|  0%| F|  |TAMS 0x0000000710900000, 0x0000000710900000| Untracked 
| 246|0x0000000710a00000, 0x0000000710a00000, 0x0000000710b00000|  0%| F|  |TAMS 0x0000000710a00000, 0x0000000710a00000| Untracked 
| 247|0x0000000710b00000, 0x0000000710b00000, 0x0000000710c00000|  0%| F|  |TAMS 0x0000000710b00000, 0x0000000710b00000| Untracked 
| 248|0x0000000710c00000, 0x0000000710c00000, 0x0000000710d00000|  0%| F|  |TAMS 0x0000000710c00000, 0x0000000710c00000| Untracked 
| 249|0x0000000710d00000, 0x0000000710d00000, 0x0000000710e00000|  0%| F|  |TAMS 0x0000000710d00000, 0x0000000710d00000| Untracked 
| 250|0x0000000710e00000, 0x0000000710e00000, 0x0000000710f00000|  0%| F|  |TAMS 0x0000000710e00000, 0x0000000710e00000| Untracked 
| 251|0x0000000710f00000, 0x0000000710f77080, 0x0000000711000000| 46%| E|  |TAMS 0x0000000710f00000, 0x0000000710f00000| Complete 
| 252|0x0000000711000000, 0x0000000711100000, 0x0000000711100000|100%| E|CS|TAMS 0x0000000711000000, 0x0000000711000000| Complete 
| 253|0x0000000711100000, 0x0000000711200000, 0x0000000711200000|100%| E|CS|TAMS 0x0000000711100000, 0x0000000711100000| Complete 
| 254|0x0000000711200000, 0x0000000711300000, 0x0000000711300000|100%| E|CS|TAMS 0x0000000711200000, 0x0000000711200000| Complete 
| 255|0x0000000711300000, 0x0000000711400000, 0x0000000711400000|100%| E|CS|TAMS 0x0000000711300000, 0x0000000711300000| Complete 

Card table byte_map: [0x0000020ff33f0000,0x0000020ff3bf0000] _byte_map_base: 0x0000020fefbe6000

Marking Bits (Prev, Next): (CMBitMap*) 0x0000020fdb18dac8, (CMBitMap*) 0x0000020fdb18db08
 Prev Bits: [0x0000020ff43f0000, 0x0000020ff83a0000)
 Next Bits: [0x0000020ff83a0000, 0x0000020ffc350000)

Polling page: 0x0000020fd90c0000

Metaspace:

Usage:
  Non-class:      6.12 MB capacity,     6.04 MB ( 99%) used,    61.08 KB ( <1%) free+waste,    17.44 KB ( <1%) overhead. 
      Class:    950.00 KB capacity,   828.05 KB ( 87%) used,   110.08 KB ( 12%) free+waste,    11.88 KB (  1%) overhead. 
       Both:      7.05 MB capacity,     6.85 MB ( 97%) used,   171.16 KB (  2%) free+waste,    29.31 KB ( <1%) overhead. 

Virtual space:
  Non-class space:        8.00 MB reserved,       6.25 MB ( 78%) committed 
      Class space:        1.00 GB reserved,       1.00 MB ( <1%) committed 
             Both:        1.01 GB reserved,       7.25 MB ( <1%) committed 

Chunk freelists:
   Non-Class:  5.00 KB
       Class:  10.00 KB
        Both:  15.00 KB

MaxMetaspaceSize: 17179869184.00 GB
CompressedClassSpaceSize: 1.00 GB

CodeHeap 'non-profiled nmethods': size=120000Kb used=154Kb max_used=154Kb free=119845Kb
 bounds [0x0000020feb390000, 0x0000020feb600000, 0x0000020ff28c0000]
CodeHeap 'profiled nmethods': size=120000Kb used=885Kb max_used=885Kb free=119114Kb
 bounds [0x0000020fe3e60000, 0x0000020fe40d0000, 0x0000020feb390000]
CodeHeap 'non-nmethods': size=5760Kb used=1329Kb max_used=1343Kb free=4430Kb
 bounds [0x0000020fe38c0000, 0x0000020fe3b30000, 0x0000020fe3e60000]
 total_blobs=1414 nmethods=543 adapters=430
 compilation: enabled
              stopped_count=0, restarted_count=0
 full_count=0

Compilation events (20 events):
Event: 0.495 Thread 0x0000020fff785000 nmethod 528 0x0000020fe3f36010 code [0x0000020fe3f361c0, 0x0000020fe3f363b8]
Event: 0.495 Thread 0x0000020fff785000  530       3       java.lang.Character::toUpperCase (6 bytes)
Event: 0.495 Thread 0x0000020fff785000 nmethod 530 0x0000020fe3f36490 code [0x0000020fe3f36640, 0x0000020fe3f36898]
Event: 0.495 Thread 0x0000020fff785000  526       3       java.lang.CharacterDataLatin1::toLowerCase (39 bytes)
Event: 0.495 Thread 0x0000020fff785000 nmethod 526 0x0000020fe3f36990 code [0x0000020fe3f36b40, 0x0000020fe3f36d98]
Event: 0.495 Thread 0x0000020fff785000  515       3       java.lang.invoke.LambdaFormEditor$Transform::of (49 bytes)
Event: 0.495 Thread 0x0000020fff785000 nmethod 515 0x0000020fe3f36f10 code [0x0000020fe3f37160, 0x0000020fe3f37a98]
Event: 0.497 Thread 0x0000020fff785000  532       3       java.util.Arrays::copyOf (10 bytes)
Event: 0.497 Thread 0x0000020fff785000 nmethod 532 0x0000020fe3f37e10 code [0x0000020fe3f37fc0, 0x0000020fe3f38128]
Event: 0.497 Thread 0x0000020fff77e000  533       4       java.lang.Math::min (11 bytes)
Event: 0.497 Thread 0x0000020fff785000  534       3       java.lang.invoke.InvokerBytecodeGenerator::emitStoreResult (27 bytes)
Event: 0.497 Thread 0x0000020fff785000 nmethod 534 0x0000020fe3f38210 code [0x0000020fe3f383e0, 0x0000020fe3f38758]
Event: 0.497 Thread 0x0000020fff785000  535       3       java.lang.invoke.LambdaForm$NamedFunction::member (26 bytes)
Event: 0.497 Thread 0x0000020fff77e000 nmethod 533 0x0000020feb3b5c90 code [0x0000020feb3b5e00, 0x0000020feb3b5e58]
Event: 0.497 Thread 0x0000020fff77e000  537       4       jdk.internal.org.objectweb.asm.ByteVector::putShort (52 bytes)
Event: 0.497 Thread 0x0000020fff785000 nmethod 535 0x0000020fe3f38910 code [0x0000020fe3f38aa0, 0x0000020fe3f38bd8]
Event: 0.497 Thread 0x0000020fff785000  538       3       java.lang.invoke.LambdaForm::useCount (90 bytes)
Event: 0.497 Thread 0x0000020fff785000 nmethod 538 0x0000020fe3f38c90 code [0x0000020fe3f38e60, 0x0000020fe3f39238]
Event: 0.497 Thread 0x0000020fff785000  536       3       java.lang.invoke.InvokerBytecodeGenerator::isStaticallyInvocable (165 bytes)
Event: 0.498 Thread 0x0000020fff77e000 nmethod 537 0x0000020feb3b5f90 code [0x0000020feb3b6140, 0x0000020feb3b6338]

GC Heap History (0 events):
No events

Deoptimization events (4 events):
Event: 0.140 Thread 0x0000020fdb123000 Uncommon trap: trap_request=0xffffff45 fr.pc=0x0000020feb394548 relative=0x0000000000000268
Event: 0.140 Thread 0x0000020fdb123000 Uncommon trap: reason=unstable_if action=reinterpret pc=0x0000020feb394548 method=java.lang.String.hashCode()I @ 42 c2
Event: 0.140 Thread 0x0000020fdb123000 DEOPT PACKING pc=0x0000020feb394548 sp=0x00000015f13fe080
Event: 0.140 Thread 0x0000020fdb123000 DEOPT UNPACKING pc=0x0000020fe390912f sp=0x00000015f13fe018 mode 2

Classes unloaded (0 events):
No events

Classes redefined (0 events):
No events

Internal exceptions (14 events):
Event: 0.172 Thread 0x0000020fdb123000 Exception <a 'java/lang/ClassNotFoundException'{0x0000000711202bc8}: sun/awt/resources/spi/awtProvider> (0x0000000711202bc8) 
thrown [./open/src/hotspot/share/classfile/systemDictionary.cpp, line 226]
Event: 0.194 Thread 0x0000020fdb123000 Exception <a 'java/io/FileNotFoundException'{0x0000000711257558}> (0x0000000711257558) 
thrown [./open/src/hotspot/share/prims/jni.cpp, line 599]
Event: 0.200 Thread 0x0000020fdb123000 Exception <a 'java/io/FileNotFoundException'{0x000000071127de90}> (0x000000071127de90) 
thrown [./open/src/hotspot/share/prims/jni.cpp, line 599]
Event: 0.238 Thread 0x0000020f80072800 Exception <a 'java/lang/NoSuchMethodError'{0x00000007112f13a8}: 'void java.lang.invoke.DirectMethodHandle$Holder.invokeSpecial(java.lang.Object, java.lang.Object)'> (0x00000007112f13a8) 
thrown [./open/src/hotspot/share/interpreter/linkResolver.cpp, line 766]
Event: 0.404 Thread 0x0000020fdb123000 Exception <a 'java/lang/NoSuchMethodError'{0x0000000711153508}: 'java.lang.Object java.lang.invoke.DirectMethodHandle$Holder.invokeStatic(java.lang.Object, int, java.lang.Object, java.lang.Object, java.lang.Object, java.lang.Object)'> (0x0000000711153508) 
thrown [./open/src/hotspot/share/interpreter/linkResolver.cpp, line 766]
Event: 0.404 Thread 0x0000020fdb123000 Exception <a 'java/lang/NoSuchMethodError'{0x0000000711159e28}: 'java.lang.Object java.lang.invoke.DirectMethodHandle$Holder.invokeStatic(java.lang.Object, int, java.lang.Object, java.lang.Object, java.lang.Object)'> (0x0000000711159e28) 
thrown [./open/src/hotspot/share/interpreter/linkResolver.cpp, line 766]
Event: 0.404 Thread 0x0000020fdb123000 Exception <a 'java/lang/NoSuchMethodError'{0x000000071115d678}: 'java.lang.Object java.lang.invoke.DirectMethodHandle$Holder.invokeSpecial(java.lang.Object, java.lang.Object, int, java.lang.Object, java.lang.Object, java.lang.Object)'> (0x000000071115d678) 
thrown [./open/src/hotspot/share/interpreter/linkResolver.cpp, line 766]
Event: 0.406 Thread 0x0000020fdb123000 Exception <a 'java/lang/NoSuchMethodError'{0x0000000711173a20}: 'java.lang.Object java.lang.invoke.DirectMethodHandle$Holder.invokeStatic(java.lang.Object, int, java.lang.Object)'> (0x0000000711173a20) 
thrown [./open/src/hotspot/share/interpreter/linkResolver.cpp, line 766]
Event: 0.422 Thread 0x0000020fdb123000 Exception <a 'java/lang/ClassNotFoundException'{0x0000000711017c10}: com/sun/swing/internal/plaf/metal/resources/spi/metalProvider> (0x0000000711017c10) 
thrown [./open/src/hotspot/share/classfile/systemDictionary.cpp, line 226]
Event: 0.423 Thread 0x0000020fdb123000 Exception <a 'java/lang/ClassNotFoundException'{0x000000071101c650}: com/sun/swing/internal/plaf/basic/resources/spi/basicProvider> (0x000000071101c650) 
thrown [./open/src/hotspot/share/classfile/systemDictionary.cpp, line 226]
Event: 0.474 Thread 0x0000020fdb123000 Exception <a 'java/lang/NoSuchMethodError'{0x0000000710f05a30}: 'void java.lang.invoke.DirectMethodHandle$Holder.invokeStaticInit(java.lang.Object)'> (0x0000000710f05a30) 
thrown [./open/src/hotspot/share/interpreter/linkResolver.cpp, line 766]
Event: 0.485 Thread 0x0000020fdb123000 Exception <a 'java/io/FileNotFoundException'{0x0000000710f123f8}> (0x0000000710f123f8) 
thrown [./open/src/hotspot/share/prims/jni.cpp, line 599]
Event: 0.485 Thread 0x0000020fdb123000 Exception <a 'java/lang/NullPointerException'{0x0000000710f12d38}> (0x0000000710f12d38) 
thrown [./open/src/hotspot/share/interpreter/linkResolver.cpp, line 1348]
Event: 0.498 Thread 0x0000020fdb123000 Exception <a 'java/lang/NoSuchMethodError'{0x0000000710f64eb8}: 'java.lang.Object java.lang.invoke.Invokers$Holder.linkToTargetMethod(java.lang.Object, int, java.lang.Object)'> (0x0000000710f64eb8) 
thrown [./open/src/hotspot/share/interpreter/linkResolver.cpp, line 766]

Events (20 events):
Event: 0.494 loading class sun/awt/FontConfiguration$2
Event: 0.495 loading class sun/awt/FontConfiguration$2 done
Event: 0.495 loading class sun/awt/windows/WDefaultFontCharset
Event: 0.495 loading class sun/awt/AWTCharset
Event: 0.495 loading class sun/awt/AWTCharset done
Event: 0.495 loading class sun/awt/windows/WDefaultFontCharset done
Event: 0.495 loading class sun/awt/windows/WDefaultFontCharset$Encoder
Event: 0.495 loading class sun/awt/AWTCharset$Encoder
Event: 0.495 loading class sun/awt/AWTCharset$Encoder done
Event: 0.495 loading class sun/awt/windows/WDefaultFontCharset$Encoder done
Event: 0.496 loading class java/io/ByteArrayOutputStream
Event: 0.496 loading class java/io/ByteArrayOutputStream done
Event: 0.496 loading class sun/awt/windows/WingDings
Event: 0.496 loading class sun/awt/windows/WingDings done
Event: 0.496 loading class sun/awt/windows/WingDings$Encoder
Event: 0.496 loading class sun/awt/windows/WingDings$Encoder done
Event: 0.496 loading class sun/awt/Symbol
Event: 0.496 loading class sun/awt/Symbol done
Event: 0.496 loading class sun/awt/Symbol$Encoder
Event: 0.496 loading class sun/awt/Symbol$Encoder done


Dynamic libraries:
0x00007ff7fae70000 - 0x00007ff7fae7f000 	C:\Program Files\Java\jdk-14.0.1\bin\java.exe
0x00007ffbaeb40000 - 0x00007ffbaed30000 	C:\WINDOWS\SYSTEM32\ntdll.dll
0x00007ffbadc40000 - 0x00007ffbadcf2000 	C:\WINDOWS\System32\KERNEL32.DLL
0x00007ffbac550000 - 0x00007ffbac7f5000 	C:\WINDOWS\System32\KERNELBASE.dll
0x00007ffbaba80000 - 0x00007ffbabb7a000 	C:\WINDOWS\System32\ucrtbase.dll
0x00007ffb7de80000 - 0x00007ffb7de98000 	C:\Program Files\Java\jdk-14.0.1\bin\jli.dll
0x00007ffb7c1f0000 - 0x00007ffb7c205000 	C:\Program Files\Java\jdk-14.0.1\bin\VCRUNTIME140.dll
0x00007ffbadf80000 - 0x00007ffbae023000 	C:\WINDOWS\System32\ADVAPI32.dll
0x00007ffbaea00000 - 0x00007ffbaea9e000 	C:\WINDOWS\System32\msvcrt.dll
0x00007ffbae030000 - 0x00007ffbae0c7000 	C:\WINDOWS\System32\sechost.dll
0x00007ffbad340000 - 0x00007ffbad460000 	C:\WINDOWS\System32\RPCRT4.dll
0x00007ffbadde0000 - 0x00007ffbadf74000 	C:\WINDOWS\System32\USER32.dll
0x00007ffbacb90000 - 0x00007ffbacbb1000 	C:\WINDOWS\System32\win32u.dll
0x00007ffbaaea0000 - 0x00007ffbab124000 	C:\WINDOWS\WinSxS\amd64_microsoft.windows.common-controls_6595b64144ccf1df_6.0.18362.1256_none_9e7e379be45e40e2\COMCTL32.dll
0x00007ffbaeaa0000 - 0x00007ffbaeac6000 	C:\WINDOWS\System32\GDI32.dll
0x00007ffbabb80000 - 0x00007ffbabd16000 	C:\WINDOWS\System32\gdi32full.dll
0x00007ffbad650000 - 0x00007ffbad986000 	C:\WINDOWS\System32\combase.dll
0x00007ffbac4b0000 - 0x00007ffbac54e000 	C:\WINDOWS\System32\msvcp_win.dll
0x00007ffbacb00000 - 0x00007ffbacb81000 	C:\WINDOWS\System32\bcryptPrimitives.dll
0x00007ffba29b0000 - 0x00007ffba29ba000 	C:\WINDOWS\SYSTEM32\VERSION.dll
0x00007ffbae890000 - 0x00007ffbae8be000 	C:\WINDOWS\System32\IMM32.DLL
0x00007ffb56cd0000 - 0x00007ffb56d6b000 	C:\Program Files\Java\jdk-14.0.1\bin\msvcp140.dll
0x00007ffaf3d40000 - 0x00007ffaf485e000 	C:\Program Files\Java\jdk-14.0.1\bin\server\jvm.dll
0x00007ffbae8d0000 - 0x00007ffbae8d8000 	C:\WINDOWS\System32\PSAPI.DLL
0x00007ffb8ffb0000 - 0x00007ffb8ffb9000 	C:\WINDOWS\SYSTEM32\WSOCK32.dll
0x00007ffbadbd0000 - 0x00007ffbadc3f000 	C:\WINDOWS\System32\WS2_32.dll
0x00007ffba86f0000 - 0x00007ffba8714000 	C:\WINDOWS\SYSTEM32\WINMM.dll
0x00007ffba86c0000 - 0x00007ffba86ed000 	C:\WINDOWS\SYSTEM32\WINMMBASE.dll
0x00007ffbac850000 - 0x00007ffbac89a000 	C:\WINDOWS\System32\cfgmgr32.dll
0x00007ffbaba40000 - 0x00007ffbaba51000 	C:\WINDOWS\System32\kernel.appcore.dll
0x00007ffb975a0000 - 0x00007ffb975aa000 	C:\Program Files\Java\jdk-14.0.1\bin\jimage.dll
0x00007ffbab480000 - 0x00007ffbab674000 	C:\WINDOWS\SYSTEM32\DBGHELP.DLL
0x00007ffbab220000 - 0x00007ffbab24a000 	C:\WINDOWS\SYSTEM32\dbgcore.DLL
0x00007ffb7e650000 - 0x00007ffb7e688000 	C:\Program Files\Java\jdk-14.0.1\bin\jdwp.dll
0x00007ffb699a0000 - 0x00007ffb699c5000 	C:\Program Files\Java\jdk-14.0.1\bin\java.dll
0x00007ffb72ff0000 - 0x00007ffb73006000 	C:\Program Files\Java\jdk-14.0.1\bin\zip.dll
0x00007ffbae140000 - 0x00007ffbae827000 	C:\WINDOWS\System32\SHELL32.dll
0x00007ffbad460000 - 0x00007ffbad509000 	C:\WINDOWS\System32\shcore.dll
0x00007ffbabd20000 - 0x00007ffbac4a1000 	C:\WINDOWS\System32\windows.storage.dll
0x00007ffbab9c0000 - 0x00007ffbab9e3000 	C:\WINDOWS\System32\profapi.dll
0x00007ffbab9f0000 - 0x00007ffbaba3a000 	C:\WINDOWS\System32\powrprof.dll
0x00007ffbab9b0000 - 0x00007ffbab9c0000 	C:\WINDOWS\System32\UMPDC.dll
0x00007ffbadd00000 - 0x00007ffbadd52000 	C:\WINDOWS\System32\shlwapi.dll
0x00007ffbac830000 - 0x00007ffbac847000 	C:\WINDOWS\System32\cryptsp.dll
0x00007ffba7fb0000 - 0x00007ffba7fbb000 	C:\Program Files\Java\jdk-14.0.1\bin\dt_socket.dll
0x00007ffbaa890000 - 0x00007ffbaa8ca000 	C:\WINDOWS\SYSTEM32\IPHLPAPI.DLL
0x00007ffbaace0000 - 0x00007ffbaad47000 	C:\WINDOWS\system32\mswsock.dll
0x00007ffbaa8d0000 - 0x00007ffbaa99b000 	C:\WINDOWS\SYSTEM32\DNSAPI.dll
0x00007ffbae8c0000 - 0x00007ffbae8c8000 	C:\WINDOWS\System32\NSI.dll
0x0000000069ad0000 - 0x0000000069af6000 	C:\Program Files\Bonjour\mdnsNSP.dll
0x00007ffba35d0000 - 0x00007ffba35da000 	C:\Windows\System32\rasadhlp.dll
0x00007ffba1c40000 - 0x00007ffba1cb7000 	C:\WINDOWS\System32\fwpuclnt.dll
0x00007ffbac800000 - 0x00007ffbac826000 	C:\WINDOWS\System32\bcrypt.dll
0x00007ffb53660000 - 0x00007ffb537f8000 	C:\Program Files\Java\jdk-14.0.1\bin\awt.dll
0x00007ffbad9b0000 - 0x00007ffbada75000 	C:\WINDOWS\System32\OLEAUT32.dll
0x00007ffba8920000 - 0x00007ffba89af000 	C:\WINDOWS\SYSTEM32\apphelp.dll
0x00007ffba8f30000 - 0x00007ffba8f5d000 	C:\WINDOWS\system32\DWMAPI.DLL
0x00007ffba8a60000 - 0x00007ffba8af9000 	C:\WINDOWS\system32\uxtheme.dll
0x00007ffb7deb0000 - 0x00007ffb7e006000 	C:\WINDOWS\system32\opengl32.dll
0x00007ffb7e570000 - 0x00007ffb7e59c000 	C:\WINDOWS\SYSTEM32\GLU32.dll
0x00007ffba9f60000 - 0x00007ffba9f80000 	C:\WINDOWS\SYSTEM32\dxcore.dll
0x00007ffbad510000 - 0x00007ffbad645000 	C:\WINDOWS\System32\MSCTF.dll
0x00007ffbacbc0000 - 0x00007ffbacd17000 	C:\WINDOWS\System32\ole32.dll
0x00007ffb9b320000 - 0x00007ffb9b4e7000 	C:\WINDOWS\system32\d3d9.dll
0x00007ffba00e0000 - 0x00007ffba01e2000 	C:\WINDOWS\System32\DriverStore\FileRepository\nvmdi.inf_amd64_fe92a8457e8d540c\nvldumdx.dll
0x00007ffbaba60000 - 0x00007ffbaba72000 	C:\WINDOWS\System32\msasn1.dll
0x00007ffba2910000 - 0x00007ffba293f000 	C:\WINDOWS\SYSTEM32\cryptnet.dll
0x00007ffbac900000 - 0x00007ffbaca49000 	C:\WINDOWS\System32\CRYPT32.dll
0x00007ffbaadc0000 - 0x00007ffbaadcc000 	C:\WINDOWS\SYSTEM32\cryptbase.dll
0x00007ffbac8a0000 - 0x00007ffbac8fc000 	C:\WINDOWS\System32\WINTRUST.DLL
0x00007ffbad990000 - 0x00007ffbad9ad000 	C:\WINDOWS\System32\imagehlp.dll
0x00007ffbaa6f0000 - 0x00007ffbaa723000 	C:\WINDOWS\system32\rsaenh.dll
0x00007ffb2d2b0000 - 0x00007ffb2eccc000 	C:\WINDOWS\System32\DriverStore\FileRepository\nvmdi.inf_amd64_fe92a8457e8d540c\nvd3dumx.dll
0x00007ffb68800000 - 0x00007ffb68ab9000 	C:\WINDOWS\system32\nvspcap64.dll
0x00007ffbab680000 - 0x00007ffbab6b1000 	C:\WINDOWS\SYSTEM32\ntmarta.dll
0x00007ffba9f10000 - 0x00007ffba9f32000 	C:\WINDOWS\SYSTEM32\gpapi.dll
0x00007ffb72ef0000 - 0x00007ffb72f72000 	C:\Program Files\Java\jdk-14.0.1\bin\freetype.dll
0x00007ffb71f40000 - 0x00007ffb71fe6000 	C:\Program Files\Java\jdk-14.0.1\bin\fontmanager.dll

dbghelp: loaded successfully - version: 4.0.5 - missing functions: none
symbol engine: initialized successfully - sym options: 0x614 - pdb path: .;C:\Program Files\Java\jdk-14.0.1\bin;C:\WINDOWS\SYSTEM32;C:\WINDOWS\WinSxS\amd64_microsoft.windows.common-controls_6595b64144ccf1df_6.0.18362.1256_none_9e7e379be45e40e2;C:\Program Files\Java\jdk-14.0.1\bin\server;C:\Program Files\Bonjour;C:\WINDOWS\System32\DriverStore\FileRepository\nvmdi.inf_amd64_fe92a8457e8d540c

VM Arguments:
jvm_args: -agentlib:jdwp=transport=dt_socket,server=n,suspend=y,address=localhost:56188 -XX:+ShowCodeDetailsInExceptionMessages -Dfile.encoding=UTF-8 
java_command: Sample
java_class_path (initial): C:\Users\Owner\AppData\Roaming\Code\User\workspaceStorage\0a79c53ae161f8c8f77979f1c8e7f103\redhat.java\jdt_ws\java2classReport_e839d948\bin
Launcher Type: SUN_STANDARD

[Global flags]
     intx CICompilerCount                          = 4                                         {product} {ergonomic}
     uint ConcGCThreads                            = 2                                         {product} {ergonomic}
     uint G1ConcRefinementThreads                  = 8                                         {product} {ergonomic}
   size_t G1HeapRegionSize                         = 1048576                                   {product} {ergonomic}
    uintx GCDrainStackTargetSize                   = 64                                        {product} {ergonomic}
   size_t InitialHeapSize                          = 268435456                                 {product} {ergonomic}
   size_t MarkStackSize                            = 4194304                                   {product} {ergonomic}
   size_t MaxHeapSize                              = 4273995776                                {product} {ergonomic}
   size_t MaxNewSize                               = 2563768320                                {product} {ergonomic}
   size_t MinHeapDeltaBytes                        = 1048576                                   {product} {ergonomic}
   size_t MinHeapSize                              = 8388608                                   {product} {ergonomic}
    uintx NonNMethodCodeHeapSize                   = 5839372                                {pd product} {ergonomic}
    uintx NonProfiledCodeHeapSize                  = 122909434                              {pd product} {ergonomic}
    uintx ProfiledCodeHeapSize                     = 122909434                              {pd product} {ergonomic}
    uintx ReservedCodeCacheSize                    = 251658240                              {pd product} {ergonomic}
     bool SegmentedCodeCache                       = true                                      {product} {ergonomic}
     bool ShowCodeDetailsInExceptionMessages       = true                                   {manageable} {command line}
   size_t SoftMaxHeapSize                          = 4273995776                             {manageable} {ergonomic}
     bool UseCompressedClassPointers               = true                                 {lp64_product} {ergonomic}
     bool UseCompressedOops                        = true                                 {lp64_product} {ergonomic}
     bool UseG1GC                                  = true                                      {product} {ergonomic}
     bool UseLargePagesIndividualAllocation        = false                                  {pd product} {ergonomic}

Logging:
Log output configuration:
 #0: stdout all=warning uptime,level,tags
 #1: stderr all=off uptime,level,tags

Environment Variables:
JAVA_HOME=C:\Program Files\Java\jdk-14.0.1
PATH=C:\Program Files\Oculus\Support\oculus-runtime;C:\Program Files\NVIDIA GPU Computing Toolkit\CUDA\v10.0\bin;C:\Program Files\NVIDIA GPU Computing Toolkit\CUDA\v10.0\libnvvp;C:\Program Files\NVIDIA GPU Computing Toolkit\CUDA\v9.0\bin;C:\Program Files\NVIDIA GPU Computing Toolkit\CUDA\v9.0\libnvvp;C:\ProgramData\Anaconda3;C:\ProgramData\Anaconda3\Library\mingw-w64\bin;C:\ProgramData\Anaconda3\Library\usr\bin;C:\ProgramData\Anaconda3\Library\bin;C:\ProgramData\Anaconda3\Scripts;C:\Program Files\Microsoft MPI\Bin\;C:\Program Files (x86)\Intel\Intel(R) Management Engine Components\iCLS\;C:\Program Files\Intel\Intel(R) Management Engine Components\iCLS\;C:\Windows\system32;C:\Windows;C:\Windows\System32\Wbem;C:\Windows\System32\WindowsPowerShell\v1.0\;C:\Windows\System32\OpenSSH\;C:\Program Files (x86)\Intel\Intel(R) Management Engine Components\DAL;C:\Program Files\Intel\Intel(R) Management Engine Components\DAL;C:\WINDOWS\system32;C:\WINDOWS;C:\WINDOWS\System32\Wbem;C:\WINDOWS\System32\WindowsPowerShell\v1.0\;C:\WINDOWS\System32\OpenSSH\;C:\Program Files\NVIDIA Corporation\NVIDIA NvDLISR;C:\Program Files (x86)\NVIDIA Corporation\PhysX\Common;C:\Program Files\dotnet\;C:\Program Files\Microsoft SQL Server\130\Tools\Binn\;C:\Program Files\MeCab\bin;C:\MinGW\bin;C:\Program Files\heroku\bin;C:\Program Files\Git\cmd;C:\Program Files\NVIDIA GPU Computing Toolkit\CUDA\v9.0\lib\x64;C:\Program Files\NVIDIA GPU Computing Toolkit\CUDA\v9.0\extras\CUPTI\libx64;C:\Program Files\doxygen\bin;C:\Program Files (x86)\Wolfram Research\WolframScript\;C:\Program Files (x86)\php-7.4.3\;C:\Program Files\Java\jdk-14.0.1\bin;D:\application\texlive\2020\bin\win32;F:\application\gunPlot\gnuplot\bin;F:\application\swig\swigwin-4.0.2;C:\Program Files\NVIDIA GPU Computing Toolkit\TensorRT-5.1.5.0\lib;C:\Users\Owner\AppData\Local\Android\Sdk\platform-tools;D:\application\texlive\2020\bin\win32;C:\Users\Owner\AppData\Local\Programs\Python\Python37\Scripts\;C:\Users\Owner\AppData\Local\Programs\Python
USERNAME=Owner
OS=Windows_NT
PROCESSOR_IDENTIFIER=Intel64 Family 6 Model 158 Stepping 12, GenuineIntel



---------------  S Y S T E M  ---------------

OS: Windows 10 , 64 bit Build 18362 (10.0.18362.1110)
OS uptime: 0 days 0:35 hours

CPU:total 8 (initial active 8) (8 cores per cpu, 1 threads per core) family 6 model 158 stepping 12, cmov, cx8, fxsr, mmx, sse, sse2, sse3, ssse3, sse4.1, sse4.2, popcnt, avx, avx2, aes, clmul, erms, rtm, 3dnowpref, lzcnt, tsc, tscinvbit, bmi1, bmi2, adx, fma

Memory: 4k page, system-wide physical 16303M (6894M free)
TotalPageFile size 34735M (AvailPageFile size 16630M)
current process WorkingSet (physical memory assigned to process): 68M, peak: 68M
current process commit charge ("private bytes"): 376M, peak: 376M

vm_info: Java HotSpot(TM) 64-Bit Server VM (14.0.1+7) for windows-amd64 JRE (14.0.1+7), built on Mar  5 2020 10:30:14 by "mach5one" with MS VC++ 15.9 (VS2017)

END.
